mode: set
github.com/luxfi/zmq/v4/auth.go:34.22,35.21 1 1
github.com/luxfi/zmq/v4/auth.go:35.21,41.3 1 1
github.com/luxfi/zmq/v4/auth.go:42.2,42.21 1 1
github.com/luxfi/zmq/v4/auth.go:46.24,51.18 4 1
github.com/luxfi/zmq/v4/auth.go:51.18,53.3 1 1
github.com/luxfi/zmq/v4/auth.go:55.2,56.12 2 1
github.com/luxfi/zmq/v4/auth.go:60.17,69.2 7 1
github.com/luxfi/zmq/v4/auth.go:72.35,78.2 4 1
github.com/luxfi/zmq/v4/auth.go:81.52,86.31 4 1
github.com/luxfi/zmq/v4/auth.go:86.31,88.3 1 1
github.com/luxfi/zmq/v4/auth.go:89.2,89.63 1 1
github.com/luxfi/zmq/v4/auth.go:93.51,98.30 4 1
github.com/luxfi/zmq/v4/auth.go:98.30,100.3 1 1
github.com/luxfi/zmq/v4/auth.go:101.2,101.61 1 1
github.com/luxfi/zmq/v4/auth.go:105.45,111.2 4 1
github.com/luxfi/zmq/v4/auth.go:114.48,119.41 4 1
github.com/luxfi/zmq/v4/auth.go:119.41,121.3 1 1
github.com/luxfi/zmq/v4/auth.go:125.65,128.44 2 1
github.com/luxfi/zmq/v4/auth.go:128.44,130.3 1 0
github.com/luxfi/zmq/v4/auth.go:134.2,141.34 5 1
github.com/luxfi/zmq/v4/auth.go:145.56,148.16 2 1
github.com/luxfi/zmq/v4/auth.go:148.16,150.3 1 1
github.com/luxfi/zmq/v4/auth.go:151.2,151.23 1 1
github.com/luxfi/zmq/v4/auth.go:151.23,153.3 1 0
github.com/luxfi/zmq/v4/auth.go:156.2,156.23 1 1
github.com/luxfi/zmq/v4/auth.go:160.36,164.2 1 1
github.com/luxfi/zmq/v4/auth.go:167.45,171.2 1 1
github.com/luxfi/zmq/v4/auth.go:179.54,181.2 1 1
github.com/luxfi/zmq/v4/backend_pure_wrapper.go:13.27,15.2 1 1
github.com/luxfi/zmq/v4/backend_pure_wrapper.go:18.29,20.2 1 0
github.com/luxfi/zmq/v4/conn.go:42.30,44.2 1 1
github.com/luxfi/zmq/v4/conn.go:46.44,47.16 1 0
github.com/luxfi/zmq/v4/conn.go:47.16,49.3 1 0
github.com/luxfi/zmq/v4/conn.go:50.2,52.15 3 0
github.com/luxfi/zmq/v4/conn.go:55.45,56.16 1 0
github.com/luxfi/zmq/v4/conn.go:56.16,58.3 1 0
github.com/luxfi/zmq/v4/conn.go:59.2,61.15 3 0
github.com/luxfi/zmq/v4/conn.go:67.140,68.15 1 1
github.com/luxfi/zmq/v4/conn.go:68.15,70.3 1 0
github.com/luxfi/zmq/v4/conn.go:72.2,72.16 1 1
github.com/luxfi/zmq/v4/conn.go:72.16,74.3 1 0
github.com/luxfi/zmq/v4/conn.go:76.2,91.24 5 1
github.com/luxfi/zmq/v4/conn.go:91.24,95.3 1 0
github.com/luxfi/zmq/v4/conn.go:97.2,98.16 2 1
github.com/luxfi/zmq/v4/conn.go:98.16,100.3 1 1
github.com/luxfi/zmq/v4/conn.go:102.2,102.18 1 1
github.com/luxfi/zmq/v4/conn.go:106.44,110.16 3 1
github.com/luxfi/zmq/v4/conn.go:110.16,112.3 1 1
github.com/luxfi/zmq/v4/conn.go:114.2,115.16 2 1
github.com/luxfi/zmq/v4/conn.go:115.16,117.3 1 0
github.com/luxfi/zmq/v4/conn.go:119.2,120.34 2 1
github.com/luxfi/zmq/v4/conn.go:120.34,122.3 1 1
github.com/luxfi/zmq/v4/conn.go:129.2,129.12 1 1
github.com/luxfi/zmq/v4/conn.go:132.44,138.37 6 1
github.com/luxfi/zmq/v4/conn.go:138.37,140.3 1 0
github.com/luxfi/zmq/v4/conn.go:141.2,144.16 3 1
github.com/luxfi/zmq/v4/conn.go:144.16,147.3 2 0
github.com/luxfi/zmq/v4/conn.go:149.2,151.16 3 1
github.com/luxfi/zmq/v4/conn.go:151.16,154.3 2 1
github.com/luxfi/zmq/v4/conn.go:156.2,157.22 2 1
github.com/luxfi/zmq/v4/conn.go:157.22,159.3 1 0
github.com/luxfi/zmq/v4/conn.go:161.2,162.16 2 1
github.com/luxfi/zmq/v4/conn.go:162.16,164.3 1 0
github.com/luxfi/zmq/v4/conn.go:166.2,166.12 1 1
github.com/luxfi/zmq/v4/conn.go:170.56,171.16 1 1
github.com/luxfi/zmq/v4/conn.go:171.16,173.3 1 0
github.com/luxfi/zmq/v4/conn.go:174.2,176.16 3 1
github.com/luxfi/zmq/v4/conn.go:176.16,178.3 1 0
github.com/luxfi/zmq/v4/conn.go:179.2,179.29 1 1
github.com/luxfi/zmq/v4/conn.go:183.39,184.16 1 1
github.com/luxfi/zmq/v4/conn.go:184.16,186.3 1 1
github.com/luxfi/zmq/v4/conn.go:189.2,189.21 1 1
github.com/luxfi/zmq/v4/conn.go:189.21,191.3 1 0
github.com/luxfi/zmq/v4/conn.go:193.2,193.19 1 1
github.com/luxfi/zmq/v4/conn.go:193.19,195.3 1 1
github.com/luxfi/zmq/v4/conn.go:197.2,198.35 2 1
github.com/luxfi/zmq/v4/conn.go:198.35,200.20 2 1
github.com/luxfi/zmq/v4/conn.go:200.20,202.4 1 1
github.com/luxfi/zmq/v4/conn.go:203.3,204.17 2 1
github.com/luxfi/zmq/v4/conn.go:204.17,206.4 1 1
github.com/luxfi/zmq/v4/conn.go:208.2,208.12 1 1
github.com/luxfi/zmq/v4/conn.go:212.42,216.35 1 0
github.com/luxfi/zmq/v4/conn.go:216.35,218.17 2 0
github.com/luxfi/zmq/v4/conn.go:218.17,221.4 2 0
github.com/luxfi/zmq/v4/conn.go:223.2,223.12 1 0
github.com/luxfi/zmq/v4/conn.go:227.39,228.16 1 0
github.com/luxfi/zmq/v4/conn.go:228.16,230.3 1 0
github.com/luxfi/zmq/v4/conn.go:231.2,232.20 2 0
github.com/luxfi/zmq/v4/conn.go:232.20,234.3 1 0
github.com/luxfi/zmq/v4/conn.go:236.2,236.18 1 0
github.com/luxfi/zmq/v4/conn.go:236.18,238.3 1 0
github.com/luxfi/zmq/v4/conn.go:240.2,240.25 1 0
github.com/luxfi/zmq/v4/conn.go:241.9,243.22 2 0
github.com/luxfi/zmq/v4/conn.go:244.9,244.9 0 0
github.com/luxfi/zmq/v4/conn.go:246.10,248.22 2 0
github.com/luxfi/zmq/v4/conn.go:251.2,253.20 3 0
github.com/luxfi/zmq/v4/conn.go:253.20,255.3 1 0
github.com/luxfi/zmq/v4/conn.go:257.2,257.18 1 0
github.com/luxfi/zmq/v4/conn.go:258.15,261.21 2 0
github.com/luxfi/zmq/v4/conn.go:261.21,263.4 1 0
github.com/luxfi/zmq/v4/conn.go:266.2,266.23 1 0
github.com/luxfi/zmq/v4/conn.go:267.9,268.19 1 0
github.com/luxfi/zmq/v4/conn.go:269.10,271.27 2 0
github.com/luxfi/zmq/v4/conn.go:273.2,273.17 1 0
github.com/luxfi/zmq/v4/conn.go:276.39,279.16 2 1
github.com/luxfi/zmq/v4/conn.go:279.16,281.3 1 0
github.com/luxfi/zmq/v4/conn.go:283.2,284.20 2 1
github.com/luxfi/zmq/v4/conn.go:284.20,286.3 1 0
github.com/luxfi/zmq/v4/conn.go:288.2,288.18 1 1
github.com/luxfi/zmq/v4/conn.go:288.18,290.3 1 0
github.com/luxfi/zmq/v4/conn.go:292.2,292.25 1 1
github.com/luxfi/zmq/v4/conn.go:293.9,295.22 2 0
github.com/luxfi/zmq/v4/conn.go:296.9,296.9 0 1
github.com/luxfi/zmq/v4/conn.go:298.10,300.22 2 0
github.com/luxfi/zmq/v4/conn.go:303.2,304.16 2 1
github.com/luxfi/zmq/v4/conn.go:304.16,306.3 1 0
github.com/luxfi/zmq/v4/conn.go:308.2,308.17 1 1
github.com/luxfi/zmq/v4/conn.go:311.41,315.35 3 1
github.com/luxfi/zmq/v4/conn.go:315.35,317.20 2 1
github.com/luxfi/zmq/v4/conn.go:317.20,319.4 1 1
github.com/luxfi/zmq/v4/conn.go:321.3,323.13 3 1
github.com/luxfi/zmq/v4/conn.go:323.13,325.4 1 0
github.com/luxfi/zmq/v4/conn.go:327.3,331.13 2 1
github.com/luxfi/zmq/v4/conn.go:331.13,334.4 2 0
github.com/luxfi/zmq/v4/conn.go:334.9,337.4 2 1
github.com/luxfi/zmq/v4/conn.go:339.3,339.23 1 1
github.com/luxfi/zmq/v4/conn.go:340.21,341.47 1 1
github.com/luxfi/zmq/v4/conn.go:342.11,344.59 2 0
github.com/luxfi/zmq/v4/conn.go:344.59,346.5 1 0
github.com/luxfi/zmq/v4/conn.go:347.4,347.56 1 0
github.com/luxfi/zmq/v4/conn.go:351.2,351.49 1 1
github.com/luxfi/zmq/v4/conn.go:351.49,354.3 2 0
github.com/luxfi/zmq/v4/conn.go:356.2,356.12 1 1
github.com/luxfi/zmq/v4/conn.go:359.67,363.12 3 1
github.com/luxfi/zmq/v4/conn.go:363.12,365.3 1 0
github.com/luxfi/zmq/v4/conn.go:367.2,367.15 1 1
github.com/luxfi/zmq/v4/conn.go:367.15,369.3 1 1
github.com/luxfi/zmq/v4/conn.go:371.2,377.12 2 1
github.com/luxfi/zmq/v4/conn.go:377.12,380.3 2 0
github.com/luxfi/zmq/v4/conn.go:380.8,383.3 2 1
github.com/luxfi/zmq/v4/conn.go:384.2,384.49 1 1
github.com/luxfi/zmq/v4/conn.go:384.49,387.3 2 1
github.com/luxfi/zmq/v4/conn.go:389.2,389.53 1 1
github.com/luxfi/zmq/v4/conn.go:389.53,392.3 2 1
github.com/luxfi/zmq/v4/conn.go:394.2,394.12 1 1
github.com/luxfi/zmq/v4/conn.go:398.33,405.16 4 0
github.com/luxfi/zmq/v4/conn.go:405.16,409.3 3 0
github.com/luxfi/zmq/v4/conn.go:412.2,417.33 4 0
github.com/luxfi/zmq/v4/conn.go:417.33,421.3 3 0
github.com/luxfi/zmq/v4/conn.go:423.2,423.11 1 0
github.com/luxfi/zmq/v4/conn.go:423.11,425.3 1 0
github.com/luxfi/zmq/v4/conn.go:427.2,427.12 1 0
github.com/luxfi/zmq/v4/conn.go:431.27,433.21 1 1
github.com/luxfi/zmq/v4/conn.go:433.21,435.3 1 0
github.com/luxfi/zmq/v4/conn.go:437.2,446.14 2 1
github.com/luxfi/zmq/v4/conn.go:446.14,450.21 2 1
github.com/luxfi/zmq/v4/conn.go:450.21,453.4 2 1
github.com/luxfi/zmq/v4/conn.go:455.3,462.18 5 1
github.com/luxfi/zmq/v4/conn.go:462.18,469.22 3 0
github.com/luxfi/zmq/v4/conn.go:469.22,472.5 2 0
github.com/luxfi/zmq/v4/conn.go:474.4,474.46 1 0
github.com/luxfi/zmq/v4/conn.go:477.3,477.30 1 1
github.com/luxfi/zmq/v4/conn.go:477.30,480.4 2 0
github.com/luxfi/zmq/v4/conn.go:482.3,484.21 3 1
github.com/luxfi/zmq/v4/conn.go:484.21,487.4 2 0
github.com/luxfi/zmq/v4/conn.go:490.3,490.23 1 1
github.com/luxfi/zmq/v4/conn.go:491.21,493.12 2 1
github.com/luxfi/zmq/v4/conn.go:496.3,497.60 2 0
github.com/luxfi/zmq/v4/conn.go:497.60,499.4 1 0
github.com/luxfi/zmq/v4/conn.go:500.3,500.47 1 0
github.com/luxfi/zmq/v4/conn.go:502.2,502.11 1 1
github.com/luxfi/zmq/v4/conn.go:502.11,504.3 1 1
github.com/luxfi/zmq/v4/conn.go:505.2,505.12 1 1
github.com/luxfi/zmq/v4/conn.go:508.38,512.14 4 1
github.com/luxfi/zmq/v4/conn.go:513.9,514.25 1 0
github.com/luxfi/zmq/v4/conn.go:515.9,516.30 1 1
github.com/luxfi/zmq/v4/conn.go:518.2,518.18 1 1
github.com/luxfi/zmq/v4/conn.go:521.49,524.29 3 1
github.com/luxfi/zmq/v4/conn.go:524.29,525.10 1 1
github.com/luxfi/zmq/v4/conn.go:526.16,528.15 1 1
github.com/luxfi/zmq/v4/conn.go:529.36,530.15 1 1
github.com/luxfi/zmq/v4/conn.go:533.2,533.14 1 1
github.com/luxfi/zmq/v4/conn.go:536.31,537.76 1 1
github.com/luxfi/zmq/v4/conn.go:537.76,539.3 1 1
github.com/luxfi/zmq/v4/conn.go:542.33,544.2 1 1
github.com/luxfi/zmq/v4/conn.go:546.38,547.16 1 1
github.com/luxfi/zmq/v4/conn.go:547.16,549.3 1 0
github.com/luxfi/zmq/v4/conn.go:551.2,551.45 1 1
github.com/luxfi/zmq/v4/conn.go:551.45,554.3 2 1
github.com/luxfi/zmq/v4/conn.go:556.2,557.50 2 1
github.com/luxfi/zmq/v4/conn.go:557.50,559.3 1 1
github.com/luxfi/zmq/v4/conn.go:562.40,563.32 1 1
github.com/luxfi/zmq/v4/conn.go:563.32,565.3 1 0
github.com/luxfi/zmq/v4/conn.go:566.2,566.27 1 1
github.com/luxfi/zmq/v4/dealer.go:14.60,17.2 2 1
github.com/luxfi/zmq/v4/dealer.go:25.43,27.2 1 1
github.com/luxfi/zmq/v4/dealer.go:31.49,33.2 1 1
github.com/luxfi/zmq/v4/dealer.go:38.54,40.2 1 0
github.com/luxfi/zmq/v4/dealer.go:43.49,45.2 1 1
github.com/luxfi/zmq/v4/dealer.go:48.53,50.2 1 1
github.com/luxfi/zmq/v4/dealer.go:53.51,55.2 1 1
github.com/luxfi/zmq/v4/dealer.go:58.47,60.2 1 1
github.com/luxfi/zmq/v4/dealer.go:64.45,66.2 1 1
github.com/luxfi/zmq/v4/dealer.go:69.73,71.2 1 1
github.com/luxfi/zmq/v4/dealer.go:74.77,76.2 1 1
github.com/luxfi/zmq/v4/monitor.go:38.61,42.22 3 0
github.com/luxfi/zmq/v4/monitor.go:42.22,44.3 1 0
github.com/luxfi/zmq/v4/monitor.go:47.2,57.12 3 0
github.com/luxfi/zmq/v4/monitor.go:70.31,72.15 1 0
github.com/luxfi/zmq/v4/monitor.go:72.15,74.23 2 0
github.com/luxfi/zmq/v4/monitor.go:74.23,77.4 2 0
github.com/luxfi/zmq/v4/monitor.go:78.3,78.16 1 0
github.com/luxfi/zmq/v4/monitor.go:82.2,82.16 1 0
github.com/luxfi/zmq/v4/monitor.go:86.66,91.69 4 0
github.com/luxfi/zmq/v4/monitor.go:91.69,92.10 1 0
github.com/luxfi/zmq/v4/monitor.go:97.5,97.5 0 0
github.com/luxfi/zmq/v4/monitor.go:98.11,98.11 0 0
github.com/luxfi/zmq/v4/monitor.go:105.57,109.22 3 0
github.com/luxfi/zmq/v4/monitor.go:109.22,111.3 1 0
github.com/luxfi/zmq/v4/monitor.go:112.2,112.12 1 0
github.com/luxfi/zmq/v4/monitor.go:116.38,120.22 3 0
github.com/luxfi/zmq/v4/monitor.go:120.22,122.3 1 0
github.com/luxfi/zmq/v4/monitor.go:124.2,128.12 4 0
github.com/luxfi/zmq/v4/msg.go:28.31,30.2 1 1
github.com/luxfi/zmq/v4/msg.go:32.39,34.2 1 1
github.com/luxfi/zmq/v4/msg.go:36.37,38.2 1 1
github.com/luxfi/zmq/v4/msg.go:40.44,42.31 2 1
github.com/luxfi/zmq/v4/msg.go:42.31,44.3 1 1
github.com/luxfi/zmq/v4/msg.go:45.2,45.12 1 1
github.com/luxfi/zmq/v4/msg.go:48.29,50.2 1 1
github.com/luxfi/zmq/v4/msg.go:52.28,54.2 1 0
github.com/luxfi/zmq/v4/msg.go:57.31,59.35 2 1
github.com/luxfi/zmq/v4/msg.go:59.35,61.3 1 1
github.com/luxfi/zmq/v4/msg.go:62.2,62.12 1 1
github.com/luxfi/zmq/v4/msg.go:65.27,67.35 2 1
github.com/luxfi/zmq/v4/msg.go:67.35,69.3 1 1
github.com/luxfi/zmq/v4/msg.go:70.2,70.10 1 1
github.com/luxfi/zmq/v4/msg.go:73.32,76.35 3 0
github.com/luxfi/zmq/v4/msg.go:76.35,77.12 1 0
github.com/luxfi/zmq/v4/msg.go:77.12,79.4 1 0
github.com/luxfi/zmq/v4/msg.go:80.3,80.32 1 0
github.com/luxfi/zmq/v4/msg.go:82.2,83.21 2 0
github.com/luxfi/zmq/v4/msg.go:86.28,88.35 2 1
github.com/luxfi/zmq/v4/msg.go:88.35,91.3 2 1
github.com/luxfi/zmq/v4/msg.go:92.2,92.10 1 1
github.com/luxfi/zmq/v4/msg.go:103.50,104.20 1 1
github.com/luxfi/zmq/v4/msg.go:104.20,106.3 1 0
github.com/luxfi/zmq/v4/msg.go:107.2,108.21 2 1
github.com/luxfi/zmq/v4/msg.go:108.21,110.3 1 0
github.com/luxfi/zmq/v4/msg.go:111.2,113.12 3 1
github.com/luxfi/zmq/v4/msg.go:116.47,118.13 2 1
github.com/luxfi/zmq/v4/msg.go:118.13,120.3 1 0
github.com/luxfi/zmq/v4/msg.go:122.2,126.17 5 1
github.com/luxfi/zmq/v4/msgio.go:44.47,51.2 2 1
github.com/luxfi/zmq/v4/msgio.go:53.33,57.22 4 0
github.com/luxfi/zmq/v4/msgio.go:57.22,59.3 1 0
github.com/luxfi/zmq/v4/msgio.go:60.2,63.12 4 0
github.com/luxfi/zmq/v4/msgio.go:66.36,72.2 5 1
github.com/luxfi/zmq/v4/msgio.go:74.35,79.22 4 1
github.com/luxfi/zmq/v4/msgio.go:79.22,80.19 1 1
github.com/luxfi/zmq/v4/msgio.go:80.19,82.9 2 1
github.com/luxfi/zmq/v4/msgio.go:85.2,85.14 1 1
github.com/luxfi/zmq/v4/msgio.go:85.14,87.3 1 1
github.com/luxfi/zmq/v4/msgio.go:90.61,92.9 2 1
github.com/luxfi/zmq/v4/msgio.go:93.20,94.19 1 1
github.com/luxfi/zmq/v4/msgio.go:95.20,95.20 0 1
github.com/luxfi/zmq/v4/msgio.go:97.2,97.16 1 1
github.com/luxfi/zmq/v4/msgio.go:100.56,104.6 3 1
github.com/luxfi/zmq/v4/msgio.go:104.6,106.10 2 1
github.com/luxfi/zmq/v4/msgio.go:107.21,108.10 1 1
github.com/luxfi/zmq/v4/msgio.go:109.11,111.22 2 1
github.com/luxfi/zmq/v4/msgio.go:111.22,113.5 1 1
github.com/luxfi/zmq/v4/msgio.go:125.47,130.2 1 1
github.com/luxfi/zmq/v4/msgio.go:132.33,135.26 3 0
github.com/luxfi/zmq/v4/msgio.go:135.26,137.29 2 0
github.com/luxfi/zmq/v4/msgio.go:137.29,139.4 1 0
github.com/luxfi/zmq/v4/msgio.go:141.2,143.12 3 0
github.com/luxfi/zmq/v4/msgio.go:146.37,151.2 4 1
github.com/luxfi/zmq/v4/msgio.go:153.36,158.23 4 1
github.com/luxfi/zmq/v4/msgio.go:158.23,159.20 1 1
github.com/luxfi/zmq/v4/msgio.go:159.20,161.9 2 1
github.com/luxfi/zmq/v4/msgio.go:164.2,164.14 1 1
github.com/luxfi/zmq/v4/msgio.go:164.14,166.3 1 1
github.com/luxfi/zmq/v4/msgio.go:169.61,173.22 4 1
github.com/luxfi/zmq/v4/msgio.go:173.22,175.23 2 1
github.com/luxfi/zmq/v4/msgio.go:175.23,177.4 1 1
github.com/luxfi/zmq/v4/msgio.go:179.2,181.12 3 1
github.com/luxfi/zmq/v4/msgio.go:188.32,190.2 1 1
github.com/luxfi/zmq/v4/msgio.go:192.32,193.9 1 1
github.com/luxfi/zmq/v4/msgio.go:194.28,195.9 1 1
github.com/luxfi/zmq/v4/msgio.go:195.9,197.4 1 0
github.com/luxfi/zmq/v4/msgio.go:198.10,199.19 1 1
github.com/luxfi/zmq/v4/msgio.go:203.49,204.9 1 1
github.com/luxfi/zmq/v4/msgio.go:205.20,205.20 0 1
github.com/luxfi/zmq/v4/msgio.go:206.19,206.19 0 1
github.com/luxfi/zmq/v4/options.go:17.39,18.25 1 1
github.com/luxfi/zmq/v4/options.go:18.25,20.3 1 1
github.com/luxfi/zmq/v4/options.go:25.40,26.25 1 1
github.com/luxfi/zmq/v4/options.go:26.25,28.3 1 1
github.com/luxfi/zmq/v4/options.go:33.50,34.25 1 1
github.com/luxfi/zmq/v4/options.go:34.25,36.3 1 1
github.com/luxfi/zmq/v4/options.go:41.54,42.25 1 0
github.com/luxfi/zmq/v4/options.go:42.25,44.3 1 0
github.com/luxfi/zmq/v4/options.go:48.48,49.25 1 1
github.com/luxfi/zmq/v4/options.go:49.25,51.3 1 1
github.com/luxfi/zmq/v4/options.go:55.41,56.25 1 1
github.com/luxfi/zmq/v4/options.go:56.25,58.3 1 1
github.com/luxfi/zmq/v4/options.go:63.50,64.25 1 1
github.com/luxfi/zmq/v4/options.go:64.25,66.3 1 1
github.com/luxfi/zmq/v4/options.go:71.61,72.25 1 1
github.com/luxfi/zmq/v4/options.go:72.25,74.3 1 1
github.com/luxfi/zmq/v4/pair.go:14.58,17.2 2 1
github.com/luxfi/zmq/v4/pair.go:25.39,27.2 1 1
github.com/luxfi/zmq/v4/pair.go:31.45,33.2 1 1
github.com/luxfi/zmq/v4/pair.go:38.50,40.2 1 1
github.com/luxfi/zmq/v4/pair.go:43.45,45.2 1 1
github.com/luxfi/zmq/v4/pair.go:48.49,50.2 1 1
github.com/luxfi/zmq/v4/pair.go:53.47,55.2 1 1
github.com/luxfi/zmq/v4/pair.go:58.43,60.2 1 1
github.com/luxfi/zmq/v4/pair.go:64.41,66.2 1 1
github.com/luxfi/zmq/v4/pair.go:69.69,71.2 1 1
github.com/luxfi/zmq/v4/pair.go:74.73,76.2 1 1
github.com/luxfi/zmq/v4/poller.go:38.26,42.2 1 0
github.com/luxfi/zmq/v4/poller.go:45.57,49.19 3 0
github.com/luxfi/zmq/v4/poller.go:49.19,51.3 1 0
github.com/luxfi/zmq/v4/poller.go:54.2,54.31 1 0
github.com/luxfi/zmq/v4/poller.go:54.31,55.26 1 0
github.com/luxfi/zmq/v4/poller.go:55.26,59.4 2 0
github.com/luxfi/zmq/v4/poller.go:63.2,68.12 2 0
github.com/luxfi/zmq/v4/poller.go:72.46,76.31 3 0
github.com/luxfi/zmq/v4/poller.go:76.31,77.26 1 0
github.com/luxfi/zmq/v4/poller.go:77.26,81.4 2 0
github.com/luxfi/zmq/v4/poller.go:84.2,84.49 1 0
github.com/luxfi/zmq/v4/poller.go:94.66,100.23 5 0
github.com/luxfi/zmq/v4/poller.go:100.23,102.3 1 0
github.com/luxfi/zmq/v4/poller.go:105.2,106.17 2 0
github.com/luxfi/zmq/v4/poller.go:106.17,108.3 1 0
github.com/luxfi/zmq/v4/poller.go:108.8,108.25 1 0
github.com/luxfi/zmq/v4/poller.go:108.25,111.3 1 0
github.com/luxfi/zmq/v4/poller.go:114.2,119.6 3 0
github.com/luxfi/zmq/v4/poller.go:119.6,121.30 1 0
github.com/luxfi/zmq/v4/poller.go:121.30,122.22 1 0
github.com/luxfi/zmq/v4/poller.go:122.22,123.13 1 0
github.com/luxfi/zmq/v4/poller.go:126.4,134.31 2 0
github.com/luxfi/zmq/v4/poller.go:134.31,137.5 1 0
github.com/luxfi/zmq/v4/poller.go:139.4,139.31 1 0
github.com/luxfi/zmq/v4/poller.go:139.32,143.5 0 0
github.com/luxfi/zmq/v4/poller.go:145.4,145.24 1 0
github.com/luxfi/zmq/v4/poller.go:145.24,147.5 1 0
github.com/luxfi/zmq/v4/poller.go:151.3,151.21 1 0
github.com/luxfi/zmq/v4/poller.go:151.21,153.4 1 0
github.com/luxfi/zmq/v4/poller.go:156.3,156.49 1 0
github.com/luxfi/zmq/v4/poller.go:156.49,158.4 1 0
github.com/luxfi/zmq/v4/poller.go:161.3,161.37 1 0
github.com/luxfi/zmq/v4/poller.go:161.37,164.48 2 0
github.com/luxfi/zmq/v4/poller.go:164.48,166.5 1 0
github.com/luxfi/zmq/v4/poller.go:167.9,168.9 1 0
github.com/luxfi/zmq/v4/poller.go:172.2,172.19 1 0
github.com/luxfi/zmq/v4/poller.go:176.48,178.2 1 0
github.com/luxfi/zmq/v4/poller.go:181.32,183.21 2 0
github.com/luxfi/zmq/v4/poller.go:183.21,185.3 1 0
github.com/luxfi/zmq/v4/poller.go:186.2,186.21 1 0
github.com/luxfi/zmq/v4/poller.go:186.21,188.3 1 0
github.com/luxfi/zmq/v4/poller.go:189.2,189.18 1 0
github.com/luxfi/zmq/v4/poller.go:189.18,191.3 1 0
github.com/luxfi/zmq/v4/poller.go:192.2,192.22 1 0
github.com/luxfi/zmq/v4/poller.go:192.22,194.3 1 0
github.com/luxfi/zmq/v4/poller.go:195.2,196.35 2 0
github.com/luxfi/zmq/v4/poller.go:196.35,198.3 1 0
github.com/luxfi/zmq/v4/poller.go:199.2,199.15 1 0
github.com/luxfi/zmq/v4/poller.go:212.28,218.2 1 0
github.com/luxfi/zmq/v4/poller.go:221.85,225.53 3 0
github.com/luxfi/zmq/v4/poller.go:225.53,227.3 1 0
github.com/luxfi/zmq/v4/poller.go:229.2,230.12 2 0
github.com/luxfi/zmq/v4/poller.go:234.53,238.48 3 0
github.com/luxfi/zmq/v4/poller.go:238.48,240.3 1 0
github.com/luxfi/zmq/v4/poller.go:242.2,243.12 2 0
github.com/luxfi/zmq/v4/poller.go:247.31,249.15 2 0
github.com/luxfi/zmq/v4/poller.go:249.15,252.3 2 0
github.com/luxfi/zmq/v4/poller.go:253.2,256.15 3 0
github.com/luxfi/zmq/v4/poller.go:256.15,260.3 3 0
github.com/luxfi/zmq/v4/poller.go:262.2,262.6 1 0
github.com/luxfi/zmq/v4/poller.go:262.6,263.10 1 0
github.com/luxfi/zmq/v4/poller.go:264.19,265.14 1 0
github.com/luxfi/zmq/v4/poller.go:266.11,268.18 2 0
github.com/luxfi/zmq/v4/poller.go:268.18,270.5 1 0
github.com/luxfi/zmq/v4/poller.go:272.4,272.31 1 0
github.com/luxfi/zmq/v4/poller.go:272.31,277.29 4 0
github.com/luxfi/zmq/v4/poller.go:277.29,279.6 1 0
github.com/luxfi/zmq/v4/poller.go:286.26,288.2 1 0
github.com/luxfi/zmq/v4/protocol.go:59.36,61.11 2 1
github.com/luxfi/zmq/v4/protocol.go:61.11,63.3 1 0
github.com/luxfi/zmq/v4/protocol.go:64.2,64.26 1 1
github.com/luxfi/zmq/v4/protocol.go:67.35,68.11 1 1
github.com/luxfi/zmq/v4/protocol.go:69.12,70.20 1 1
github.com/luxfi/zmq/v4/protocol.go:71.12,72.19 1 0
github.com/luxfi/zmq/v4/protocol.go:75.2,75.26 1 0
github.com/luxfi/zmq/v4/protocol.go:90.44,93.16 3 1
github.com/luxfi/zmq/v4/protocol.go:93.16,95.3 1 1
github.com/luxfi/zmq/v4/protocol.go:97.2,99.31 2 1
github.com/luxfi/zmq/v4/protocol.go:99.31,101.3 1 1
github.com/luxfi/zmq/v4/protocol.go:103.2,103.31 1 1
github.com/luxfi/zmq/v4/protocol.go:103.31,105.3 1 1
github.com/luxfi/zmq/v4/protocol.go:107.2,107.33 1 1
github.com/luxfi/zmq/v4/protocol.go:107.33,112.3 1 1
github.com/luxfi/zmq/v4/protocol.go:114.2,114.12 1 1
github.com/luxfi/zmq/v4/protocol.go:117.43,125.2 7 1
github.com/luxfi/zmq/v4/protocol.go:127.45,130.2 2 1
github.com/luxfi/zmq/v4/protocol.go:132.37,143.2 8 1
github.com/luxfi/zmq/v4/protocol.go:145.48,146.9 1 1
github.com/luxfi/zmq/v4/protocol.go:147.24,148.14 1 1
github.com/luxfi/zmq/v4/protocol.go:150.51,152.14 1 1
github.com/luxfi/zmq/v4/protocol.go:154.51,157.15 1 1
github.com/luxfi/zmq/v4/protocol.go:158.10,159.15 1 0
github.com/luxfi/zmq/v4/protocol.go:172.50,176.23 3 1
github.com/luxfi/zmq/v4/protocol.go:176.23,177.18 1 1
github.com/luxfi/zmq/v4/protocol.go:177.18,179.4 1 0
github.com/luxfi/zmq/v4/protocol.go:181.3,182.31 2 1
github.com/luxfi/zmq/v4/protocol.go:182.31,184.4 1 0
github.com/luxfi/zmq/v4/protocol.go:186.3,187.12 2 1
github.com/luxfi/zmq/v4/protocol.go:188.31,189.64 1 1
github.com/luxfi/zmq/v4/protocol.go:189.64,191.5 1 0
github.com/luxfi/zmq/v4/protocol.go:192.11,193.73 1 0
github.com/luxfi/zmq/v4/protocol.go:193.73,195.5 1 0
github.com/luxfi/zmq/v4/protocol.go:198.2,198.25 1 1
github.com/luxfi/zmq/v4/protocol.go:202.51,204.17 2 1
github.com/luxfi/zmq/v4/protocol.go:204.17,207.17 3 1
github.com/luxfi/zmq/v4/protocol.go:207.17,209.4 1 0
github.com/luxfi/zmq/v4/protocol.go:210.3,213.21 3 1
github.com/luxfi/zmq/v4/protocol.go:215.2,215.12 1 1
github.com/luxfi/zmq/v4/protocol.go:227.59,240.2 11 1
github.com/luxfi/zmq/v4/protocol.go:242.61,245.22 3 1
github.com/luxfi/zmq/v4/protocol.go:245.22,247.3 1 0
github.com/luxfi/zmq/v4/protocol.go:249.2,254.32 5 1
github.com/luxfi/zmq/v4/protocol.go:254.32,256.3 1 0
github.com/luxfi/zmq/v4/protocol.go:258.2,259.24 2 1
github.com/luxfi/zmq/v4/protocol.go:259.24,261.3 1 0
github.com/luxfi/zmq/v4/protocol.go:263.2,265.15 3 1
github.com/luxfi/zmq/v4/protocol.go:270.33,270.79 1 1
github.com/luxfi/zmq/v4/protocol.go:271.33,271.77 1 1
github.com/luxfi/zmq/v4/protocol.go:272.33,272.83 1 1
github.com/luxfi/zmq/v4/protocol.go:274.31,276.2 1 1
github.com/luxfi/zmq/v4/proxy.go:17.53,18.39 1 1
github.com/luxfi/zmq/v4/proxy.go:18.39,20.3 1 0
github.com/luxfi/zmq/v4/proxy.go:23.2,32.12 7 1
github.com/luxfi/zmq/v4/proxy.go:32.12,34.7 2 1
github.com/luxfi/zmq/v4/proxy.go:34.7,35.11 1 1
github.com/luxfi/zmq/v4/proxy.go:36.16,37.11 1 0
github.com/luxfi/zmq/v4/proxy.go:38.12,40.19 2 1
github.com/luxfi/zmq/v4/proxy.go:40.19,41.13 1 1
github.com/luxfi/zmq/v4/proxy.go:42.26,42.26 0 0
github.com/luxfi/zmq/v4/proxy.go:43.18,43.18 0 1
github.com/luxfi/zmq/v4/proxy.go:45.6,45.12 1 1
github.com/luxfi/zmq/v4/proxy.go:49.5,49.23 1 1
github.com/luxfi/zmq/v4/proxy.go:49.23,51.6 1 0
github.com/luxfi/zmq/v4/proxy.go:53.5,53.12 1 1
github.com/luxfi/zmq/v4/proxy.go:54.29,54.29 0 1
github.com/luxfi/zmq/v4/proxy.go:55.17,56.12 1 0
github.com/luxfi/zmq/v4/proxy.go:63.2,63.12 1 1
github.com/luxfi/zmq/v4/proxy.go:63.12,65.7 2 1
github.com/luxfi/zmq/v4/proxy.go:65.7,66.11 1 1
github.com/luxfi/zmq/v4/proxy.go:67.16,68.11 1 0
github.com/luxfi/zmq/v4/proxy.go:69.12,71.19 2 1
github.com/luxfi/zmq/v4/proxy.go:71.19,72.13 1 1
github.com/luxfi/zmq/v4/proxy.go:73.26,73.26 0 1
github.com/luxfi/zmq/v4/proxy.go:74.18,74.18 0 0
github.com/luxfi/zmq/v4/proxy.go:76.6,76.12 1 1
github.com/luxfi/zmq/v4/proxy.go:80.5,80.23 1 1
github.com/luxfi/zmq/v4/proxy.go:80.23,82.6 1 0
github.com/luxfi/zmq/v4/proxy.go:84.5,84.12 1 1
github.com/luxfi/zmq/v4/proxy.go:85.29,85.29 0 1
github.com/luxfi/zmq/v4/proxy.go:86.17,87.12 1 0
github.com/luxfi/zmq/v4/proxy.go:94.2,94.12 1 1
github.com/luxfi/zmq/v4/proxy.go:94.12,95.32 1 1
github.com/luxfi/zmq/v4/proxy.go:95.32,96.44 1 1
github.com/luxfi/zmq/v4/proxy.go:96.44,97.12 1 0
github.com/luxfi/zmq/v4/proxy.go:98.25,98.25 0 0
github.com/luxfi/zmq/v4/proxy.go:99.17,99.17 0 0
github.com/luxfi/zmq/v4/proxy.go:101.5,101.11 1 0
github.com/luxfi/zmq/v4/proxy.go:106.2,106.12 1 1
github.com/luxfi/zmq/v4/proxy.go:106.12,107.32 1 1
github.com/luxfi/zmq/v4/proxy.go:107.32,108.45 1 1
github.com/luxfi/zmq/v4/proxy.go:108.45,109.12 1 0
github.com/luxfi/zmq/v4/proxy.go:110.25,110.25 0 0
github.com/luxfi/zmq/v4/proxy.go:111.17,111.17 0 0
github.com/luxfi/zmq/v4/proxy.go:113.5,113.11 1 0
github.com/luxfi/zmq/v4/proxy.go:119.2,125.12 6 1
github.com/luxfi/zmq/v4/proxy.go:130.71,131.39 1 0
github.com/luxfi/zmq/v4/proxy.go:131.39,133.3 1 0
github.com/luxfi/zmq/v4/proxy.go:135.2,140.12 4 0
github.com/luxfi/zmq/v4/proxy.go:140.12,143.3 2 0
github.com/luxfi/zmq/v4/proxy.go:146.2,146.20 1 0
github.com/luxfi/zmq/v4/proxy.go:146.20,147.13 1 0
github.com/luxfi/zmq/v4/proxy.go:147.13,148.8 1 0
github.com/luxfi/zmq/v4/proxy.go:148.8,150.19 2 0
github.com/luxfi/zmq/v4/proxy.go:150.19,153.6 2 0
github.com/luxfi/zmq/v4/proxy.go:156.5,156.28 1 0
github.com/luxfi/zmq/v4/proxy.go:156.28,158.17 2 0
github.com/luxfi/zmq/v4/proxy.go:159.19,162.61 2 0
github.com/luxfi/zmq/v4/proxy.go:163.20,165.17 1 0
github.com/luxfi/zmq/v4/proxy.go:165.17,168.8 2 0
github.com/luxfi/zmq/v4/proxy.go:169.23,171.13 2 0
github.com/luxfi/zmq/v4/proxy.go:172.24,175.26 2 0
github.com/luxfi/zmq/v4/proxy.go:182.2,182.18 1 0
github.com/luxfi/zmq/v4/proxy.go:186.85,190.12 2 0
github.com/luxfi/zmq/v4/proxy.go:190.12,191.7 1 0
github.com/luxfi/zmq/v4/proxy.go:191.7,192.11 1 0
github.com/luxfi/zmq/v4/proxy.go:193.22,194.11 1 0
github.com/luxfi/zmq/v4/proxy.go:195.12,197.19 2 0
github.com/luxfi/zmq/v4/proxy.go:197.19,200.6 2 0
github.com/luxfi/zmq/v4/proxy.go:202.5,202.23 1 0
github.com/luxfi/zmq/v4/proxy.go:202.23,204.6 1 0
github.com/luxfi/zmq/v4/proxy.go:206.5,206.45 1 0
github.com/luxfi/zmq/v4/proxy.go:206.45,209.6 2 0
github.com/luxfi/zmq/v4/proxy.go:215.2,215.12 1 0
github.com/luxfi/zmq/v4/proxy.go:215.12,216.7 1 0
github.com/luxfi/zmq/v4/proxy.go:216.7,217.11 1 0
github.com/luxfi/zmq/v4/proxy.go:218.22,219.11 1 0
github.com/luxfi/zmq/v4/proxy.go:220.12,222.19 2 0
github.com/luxfi/zmq/v4/proxy.go:222.19,225.6 2 0
github.com/luxfi/zmq/v4/proxy.go:227.5,227.23 1 0
github.com/luxfi/zmq/v4/proxy.go:227.23,229.6 1 0
github.com/luxfi/zmq/v4/proxy.go:231.5,231.46 1 0
github.com/luxfi/zmq/v4/proxy.go:231.46,234.6 2 0
github.com/luxfi/zmq/v4/proxy.go:239.2,239.9 1 0
github.com/luxfi/zmq/v4/proxy.go:240.24,241.13 1 0
github.com/luxfi/zmq/v4/proxy.go:242.20,243.19 1 0
github.com/luxfi/zmq/v4/proxy.go:249.61,251.2 1 0
github.com/luxfi/zmq/v4/pub.go:27.57,32.2 4 1
github.com/luxfi/zmq/v4/pub.go:40.37,42.2 1 1
github.com/luxfi/zmq/v4/pub.go:46.43,50.2 3 1
github.com/luxfi/zmq/v4/pub.go:55.48,60.2 4 1
github.com/luxfi/zmq/v4/pub.go:63.39,66.2 2 0
github.com/luxfi/zmq/v4/pub.go:69.47,71.2 1 1
github.com/luxfi/zmq/v4/pub.go:74.45,76.2 1 1
github.com/luxfi/zmq/v4/pub.go:79.41,81.2 1 1
github.com/luxfi/zmq/v4/pub.go:85.39,87.2 1 1
github.com/luxfi/zmq/v4/pub.go:90.67,92.2 1 1
github.com/luxfi/zmq/v4/pub.go:95.71,97.16 2 1
github.com/luxfi/zmq/v4/pub.go:97.16,99.3 1 0
github.com/luxfi/zmq/v4/pub.go:101.2,101.23 1 1
github.com/luxfi/zmq/v4/pub.go:101.23,103.3 1 0
github.com/luxfi/zmq/v4/pub.go:105.2,106.9 2 1
github.com/luxfi/zmq/v4/pub.go:106.9,108.3 1 0
github.com/luxfi/zmq/v4/pub.go:110.2,112.12 3 1
github.com/luxfi/zmq/v4/pub.go:116.41,118.2 1 1
github.com/luxfi/zmq/v4/pub.go:131.53,138.2 2 1
github.com/luxfi/zmq/v4/pub.go:140.36,143.25 3 0
github.com/luxfi/zmq/v4/pub.go:143.25,145.29 2 0
github.com/luxfi/zmq/v4/pub.go:145.29,147.4 1 0
github.com/luxfi/zmq/v4/pub.go:149.2,151.12 3 0
github.com/luxfi/zmq/v4/pub.go:154.39,160.2 5 1
github.com/luxfi/zmq/v4/pub.go:162.38,167.22 4 1
github.com/luxfi/zmq/v4/pub.go:167.22,168.19 1 1
github.com/luxfi/zmq/v4/pub.go:168.19,170.9 2 1
github.com/luxfi/zmq/v4/pub.go:173.2,173.14 1 1
github.com/luxfi/zmq/v4/pub.go:173.14,175.3 1 1
github.com/luxfi/zmq/v4/pub.go:178.64,180.9 2 0
github.com/luxfi/zmq/v4/pub.go:181.20,181.20 0 0
github.com/luxfi/zmq/v4/pub.go:182.20,182.20 0 0
github.com/luxfi/zmq/v4/pub.go:184.2,184.16 1 0
github.com/luxfi/zmq/v4/pub.go:187.59,191.6 3 1
github.com/luxfi/zmq/v4/pub.go:191.6,193.10 2 1
github.com/luxfi/zmq/v4/pub.go:194.21,195.10 1 1
github.com/luxfi/zmq/v4/pub.go:196.11,197.22 1 1
github.com/luxfi/zmq/v4/pub.go:197.22,199.5 1 1
github.com/luxfi/zmq/v4/pub.go:200.4,200.11 1 1
github.com/luxfi/zmq/v4/pub.go:201.22,202.21 1 1
github.com/luxfi/zmq/v4/pub.go:203.12,204.15 1 0
github.com/luxfi/zmq/v4/pub.go:210.42,211.26 1 1
github.com/luxfi/zmq/v4/pub.go:211.26,213.3 1 0
github.com/luxfi/zmq/v4/pub.go:214.2,215.21 2 1
github.com/luxfi/zmq/v4/pub.go:215.21,217.3 1 0
github.com/luxfi/zmq/v4/pub.go:218.2,219.33 2 1
github.com/luxfi/zmq/v4/pub.go:230.53,237.2 3 1
github.com/luxfi/zmq/v4/pub.go:239.36,243.43 3 0
github.com/luxfi/zmq/v4/pub.go:243.43,246.3 2 0
github.com/luxfi/zmq/v4/pub.go:247.2,248.12 2 0
github.com/luxfi/zmq/v4/pub.go:251.40,257.12 5 1
github.com/luxfi/zmq/v4/pub.go:257.12,258.7 1 1
github.com/luxfi/zmq/v4/pub.go:258.7,260.11 2 1
github.com/luxfi/zmq/v4/pub.go:260.11,261.10 1 1
github.com/luxfi/zmq/v4/pub.go:263.4,264.27 2 1
github.com/luxfi/zmq/v4/pub.go:264.27,266.5 1 1
github.com/luxfi/zmq/v4/pub.go:271.39,275.42 3 1
github.com/luxfi/zmq/v4/pub.go:275.42,279.3 3 1
github.com/luxfi/zmq/v4/pub.go:282.64,286.40 3 1
github.com/luxfi/zmq/v4/pub.go:286.40,287.10 1 1
github.com/luxfi/zmq/v4/pub.go:288.21,289.20 1 0
github.com/luxfi/zmq/v4/pub.go:290.23,290.23 0 1
github.com/luxfi/zmq/v4/pub.go:291.11,291.11 0 1
github.com/luxfi/zmq/v4/pub.go:294.2,294.12 1 1
github.com/luxfi/zmq/v4/pull.go:15.58,19.2 3 1
github.com/luxfi/zmq/v4/pull.go:27.39,29.2 1 1
github.com/luxfi/zmq/v4/pull.go:33.40,35.2 1 0
github.com/luxfi/zmq/v4/pull.go:40.50,42.2 1 0
github.com/luxfi/zmq/v4/pull.go:45.45,47.2 1 1
github.com/luxfi/zmq/v4/pull.go:50.49,52.2 1 1
github.com/luxfi/zmq/v4/pull.go:55.47,57.2 1 1
github.com/luxfi/zmq/v4/pull.go:60.43,62.2 1 1
github.com/luxfi/zmq/v4/pull.go:66.41,68.2 1 1
github.com/luxfi/zmq/v4/pull.go:71.69,73.2 1 1
github.com/luxfi/zmq/v4/pull.go:76.73,78.2 1 1
github.com/luxfi/zmq/v4/push.go:15.58,19.2 3 1
github.com/luxfi/zmq/v4/push.go:27.39,29.2 1 1
github.com/luxfi/zmq/v4/push.go:33.45,35.2 1 1
github.com/luxfi/zmq/v4/push.go:40.50,42.2 1 0
github.com/luxfi/zmq/v4/push.go:45.40,47.2 1 0
github.com/luxfi/zmq/v4/push.go:50.49,52.2 1 1
github.com/luxfi/zmq/v4/push.go:55.47,57.2 1 1
github.com/luxfi/zmq/v4/push.go:60.43,62.2 1 1
github.com/luxfi/zmq/v4/push.go:66.41,68.2 1 1
github.com/luxfi/zmq/v4/push.go:71.69,73.2 1 1
github.com/luxfi/zmq/v4/push.go:76.73,78.2 1 1
github.com/luxfi/zmq/v4/queue.go:18.24,21.2 2 1
github.com/luxfi/zmq/v4/queue.go:23.27,25.2 1 1
github.com/luxfi/zmq/v4/queue.go:27.24,30.2 2 1
github.com/luxfi/zmq/v4/queue.go:32.31,37.17 4 1
github.com/luxfi/zmq/v4/queue.go:37.17,39.3 1 1
github.com/luxfi/zmq/v4/queue.go:40.2,40.36 1 1
github.com/luxfi/zmq/v4/queue.go:40.36,43.3 2 1
github.com/luxfi/zmq/v4/queue.go:45.2,45.29 1 1
github.com/luxfi/zmq/v4/queue.go:48.36,50.14 2 1
github.com/luxfi/zmq/v4/queue.go:50.14,52.3 1 1
github.com/luxfi/zmq/v4/queue.go:53.2,53.25 1 1
github.com/luxfi/zmq/v4/queue.go:56.23,58.17 2 1
github.com/luxfi/zmq/v4/queue.go:58.17,59.47 1 0
github.com/luxfi/zmq/v4/queue.go:62.2,66.17 5 1
github.com/luxfi/zmq/v4/queue.go:66.17,68.3 1 1
github.com/luxfi/zmq/v4/queue.go:68.8,70.3 1 1
github.com/luxfi/zmq/v4/queue.go:73.39,75.17 2 1
github.com/luxfi/zmq/v4/queue.go:75.17,77.3 1 1
github.com/luxfi/zmq/v4/queue.go:78.2,78.35 1 1
github.com/luxfi/zmq/v4/rep.go:16.57,22.2 5 1
github.com/luxfi/zmq/v4/rep.go:30.37,32.2 1 1
github.com/luxfi/zmq/v4/rep.go:36.43,40.2 3 1
github.com/luxfi/zmq/v4/rep.go:45.48,50.2 4 0
github.com/luxfi/zmq/v4/rep.go:53.43,59.2 5 1
github.com/luxfi/zmq/v4/rep.go:62.47,64.2 1 1
github.com/luxfi/zmq/v4/rep.go:67.45,69.2 1 1
github.com/luxfi/zmq/v4/rep.go:72.41,74.2 1 1
github.com/luxfi/zmq/v4/rep.go:78.39,80.2 1 1
github.com/luxfi/zmq/v4/rep.go:83.67,85.2 1 1
github.com/luxfi/zmq/v4/rep.go:88.71,90.2 1 1
github.com/luxfi/zmq/v4/rep.go:107.68,114.2 2 1
github.com/luxfi/zmq/v4/rep.go:116.38,121.2 4 1
github.com/luxfi/zmq/v4/rep.go:123.40,128.25 4 1
github.com/luxfi/zmq/v4/rep.go:128.25,129.25 1 1
github.com/luxfi/zmq/v4/rep.go:129.25,131.9 2 1
github.com/luxfi/zmq/v4/rep.go:134.2,134.14 1 1
github.com/luxfi/zmq/v4/rep.go:134.14,136.3 1 1
github.com/luxfi/zmq/v4/rep.go:139.63,140.9 1 1
github.com/luxfi/zmq/v4/rep.go:141.20,142.19 1 0
github.com/luxfi/zmq/v4/rep.go:143.27,144.28 1 1
github.com/luxfi/zmq/v4/rep.go:144.28,146.4 1 0
github.com/luxfi/zmq/v4/rep.go:147.3,148.17 2 1
github.com/luxfi/zmq/v4/rep.go:148.17,150.4 1 0
github.com/luxfi/zmq/v4/rep.go:151.3,152.32 2 1
github.com/luxfi/zmq/v4/rep.go:154.2,154.12 1 1
github.com/luxfi/zmq/v4/rep.go:157.61,161.6 3 1
github.com/luxfi/zmq/v4/rep.go:161.6,163.10 2 1
github.com/luxfi/zmq/v4/rep.go:164.21,165.10 1 1
github.com/luxfi/zmq/v4/rep.go:166.11,167.22 1 1
github.com/luxfi/zmq/v4/rep.go:167.22,169.5 1 0
github.com/luxfi/zmq/v4/rep.go:170.4,170.32 1 1
github.com/luxfi/zmq/v4/rep.go:175.35,180.31 4 0
github.com/luxfi/zmq/v4/rep.go:180.31,182.29 2 0
github.com/luxfi/zmq/v4/rep.go:182.29,184.4 1 0
github.com/luxfi/zmq/v4/rep.go:186.2,187.12 2 0
github.com/luxfi/zmq/v4/rep.go:190.58,191.40 1 1
github.com/luxfi/zmq/v4/rep.go:191.40,192.22 1 1
github.com/luxfi/zmq/v4/rep.go:192.22,193.12 1 1
github.com/luxfi/zmq/v4/rep.go:195.3,196.33 2 1
github.com/luxfi/zmq/v4/rep.go:196.33,198.4 1 1
github.com/luxfi/zmq/v4/rep.go:200.2,200.8 1 1
github.com/luxfi/zmq/v4/rep.go:219.45,224.2 4 1
github.com/luxfi/zmq/v4/rep.go:226.68,234.2 3 1
github.com/luxfi/zmq/v4/rep.go:236.38,240.2 3 1
github.com/luxfi/zmq/v4/rep.go:242.40,247.25 4 0
github.com/luxfi/zmq/v4/rep.go:247.25,248.25 1 0
github.com/luxfi/zmq/v4/rep.go:248.25,250.9 2 0
github.com/luxfi/zmq/v4/rep.go:253.2,253.14 1 0
github.com/luxfi/zmq/v4/rep.go:253.14,255.3 1 0
github.com/luxfi/zmq/v4/rep.go:258.63,260.9 2 1
github.com/luxfi/zmq/v4/rep.go:261.20,262.19 1 1
github.com/luxfi/zmq/v4/rep.go:263.22,264.21 1 0
github.com/luxfi/zmq/v4/rep.go:265.55,266.13 1 1
github.com/luxfi/zmq/v4/rep.go:270.27,271.6 1 1
github.com/luxfi/zmq/v4/rep.go:271.6,272.10 1 1
github.com/luxfi/zmq/v4/rep.go:273.23,274.10 1 1
github.com/luxfi/zmq/v4/rep.go:275.34,276.11 1 1
github.com/luxfi/zmq/v4/rep.go:276.11,278.5 1 0
github.com/luxfi/zmq/v4/rep.go:279.4,279.26 1 1
github.com/luxfi/zmq/v4/rep.go:284.57,287.31 3 1
github.com/luxfi/zmq/v4/rep.go:287.31,288.27 1 1
github.com/luxfi/zmq/v4/rep.go:288.27,293.4 3 1
github.com/luxfi/zmq/v4/rep.go:297.35,303.31 5 0
github.com/luxfi/zmq/v4/rep.go:303.31,305.29 2 0
github.com/luxfi/zmq/v4/rep.go:305.29,307.4 1 0
github.com/luxfi/zmq/v4/rep.go:309.2,310.12 2 0
github.com/luxfi/zmq/v4/rep.go:319.30,321.2 1 1
github.com/luxfi/zmq/v4/rep.go:323.58,329.2 5 1
github.com/luxfi/zmq/v4/rep.go:331.50,336.2 4 1
github.com/luxfi/zmq/v4/req.go:16.57,22.2 5 1
github.com/luxfi/zmq/v4/req.go:31.37,33.2 1 1
github.com/luxfi/zmq/v4/req.go:37.43,41.2 3 1
github.com/luxfi/zmq/v4/req.go:46.48,51.2 4 0
github.com/luxfi/zmq/v4/req.go:54.43,60.2 5 1
github.com/luxfi/zmq/v4/req.go:63.47,65.2 1 1
github.com/luxfi/zmq/v4/req.go:68.45,70.2 1 1
github.com/luxfi/zmq/v4/req.go:73.41,75.2 1 1
github.com/luxfi/zmq/v4/req.go:79.39,81.2 1 1
github.com/luxfi/zmq/v4/req.go:84.67,86.2 1 1
github.com/luxfi/zmq/v4/req.go:89.71,91.2 1 1
github.com/luxfi/zmq/v4/req.go:100.68,104.2 1 1
github.com/luxfi/zmq/v4/req.go:106.63,112.36 5 1
github.com/luxfi/zmq/v4/req.go:112.36,116.17 4 1
github.com/luxfi/zmq/v4/req.go:116.17,120.4 3 1
github.com/luxfi/zmq/v4/req.go:122.2,122.62 1 1
github.com/luxfi/zmq/v4/req.go:125.38,129.2 3 1
github.com/luxfi/zmq/v4/req.go:131.40,136.25 4 0
github.com/luxfi/zmq/v4/req.go:136.25,137.25 1 0
github.com/luxfi/zmq/v4/req.go:137.25,139.9 2 0
github.com/luxfi/zmq/v4/req.go:142.2,142.14 1 0
github.com/luxfi/zmq/v4/req.go:142.14,144.3 1 0
github.com/luxfi/zmq/v4/req.go:146.2,146.21 1 0
github.com/luxfi/zmq/v4/req.go:149.35,154.31 4 0
github.com/luxfi/zmq/v4/req.go:154.31,156.29 2 0
github.com/luxfi/zmq/v4/req.go:156.29,158.4 1 0
github.com/luxfi/zmq/v4/req.go:160.2,161.12 2 0
github.com/luxfi/zmq/v4/req.go:168.68,172.2 1 1
github.com/luxfi/zmq/v4/req.go:174.39,174.40 0 1
github.com/luxfi/zmq/v4/req.go:175.39,175.40 0 0
github.com/luxfi/zmq/v4/req.go:177.35,179.2 1 0
github.com/luxfi/zmq/v4/req.go:181.63,183.20 2 1
github.com/luxfi/zmq/v4/req.go:183.20,185.3 1 0
github.com/luxfi/zmq/v4/req.go:186.2,187.20 2 1
github.com/luxfi/zmq/v4/req.go:187.20,189.3 1 1
github.com/luxfi/zmq/v4/req.go:190.2,190.25 1 1
github.com/luxfi/zmq/v4/req.go:190.25,192.3 1 1
github.com/luxfi/zmq/v4/req.go:193.2,193.12 1 1
github.com/luxfi/zmq/v4/req.go:201.36,205.2 3 1
github.com/luxfi/zmq/v4/req.go:208.35,211.21 3 0
github.com/luxfi/zmq/v4/req.go:211.21,213.3 1 0
github.com/luxfi/zmq/v4/req.go:216.32,220.2 3 1
github.com/luxfi/zmq/v4/router.go:18.60,23.2 4 1
github.com/luxfi/zmq/v4/router.go:31.43,33.2 1 1
github.com/luxfi/zmq/v4/router.go:37.49,41.2 3 1
github.com/luxfi/zmq/v4/router.go:46.54,49.2 2 0
github.com/luxfi/zmq/v4/router.go:52.49,54.2 1 1
github.com/luxfi/zmq/v4/router.go:57.53,59.2 1 1
github.com/luxfi/zmq/v4/router.go:62.51,64.2 1 1
github.com/luxfi/zmq/v4/router.go:67.47,69.2 1 1
github.com/luxfi/zmq/v4/router.go:73.45,75.2 1 1
github.com/luxfi/zmq/v4/router.go:78.73,80.2 1 1
github.com/luxfi/zmq/v4/router.go:83.77,85.2 1 1
github.com/luxfi/zmq/v4/router.go:98.59,105.2 2 1
github.com/luxfi/zmq/v4/router.go:107.39,110.25 3 0
github.com/luxfi/zmq/v4/router.go:110.25,112.29 2 0
github.com/luxfi/zmq/v4/router.go:112.29,114.4 1 0
github.com/luxfi/zmq/v4/router.go:116.2,118.12 3 0
github.com/luxfi/zmq/v4/router.go:121.42,127.2 5 1
github.com/luxfi/zmq/v4/router.go:129.41,134.22 4 1
github.com/luxfi/zmq/v4/router.go:134.22,135.19 1 1
github.com/luxfi/zmq/v4/router.go:135.19,137.9 2 1
github.com/luxfi/zmq/v4/router.go:140.2,140.14 1 1
github.com/luxfi/zmq/v4/router.go:140.14,142.3 1 1
github.com/luxfi/zmq/v4/router.go:145.67,147.9 2 1
github.com/luxfi/zmq/v4/router.go:148.20,149.19 1 1
github.com/luxfi/zmq/v4/router.go:150.20,150.20 0 1
github.com/luxfi/zmq/v4/router.go:152.2,152.16 1 1
github.com/luxfi/zmq/v4/router.go:155.62,160.6 4 1
github.com/luxfi/zmq/v4/router.go:160.6,162.10 2 1
github.com/luxfi/zmq/v4/router.go:163.21,164.10 1 1
github.com/luxfi/zmq/v4/router.go:165.11,166.22 1 1
github.com/luxfi/zmq/v4/router.go:166.22,168.5 1 1
github.com/luxfi/zmq/v4/router.go:169.4,170.14 2 1
github.com/luxfi/zmq/v4/router.go:182.59,187.2 1 1
github.com/luxfi/zmq/v4/router.go:189.39,192.26 3 0
github.com/luxfi/zmq/v4/router.go:192.26,194.29 2 0
github.com/luxfi/zmq/v4/router.go:194.29,196.4 1 0
github.com/luxfi/zmq/v4/router.go:198.2,200.12 3 0
github.com/luxfi/zmq/v4/router.go:203.43,208.2 4 1
github.com/luxfi/zmq/v4/router.go:210.42,215.23 4 1
github.com/luxfi/zmq/v4/router.go:215.23,216.20 1 1
github.com/luxfi/zmq/v4/router.go:216.20,218.9 2 1
github.com/luxfi/zmq/v4/router.go:221.2,221.14 1 1
github.com/luxfi/zmq/v4/router.go:221.14,223.3 1 1
github.com/luxfi/zmq/v4/router.go:226.67,232.22 6 1
github.com/luxfi/zmq/v4/router.go:232.22,235.28 3 1
github.com/luxfi/zmq/v4/router.go:235.28,236.12 1 1
github.com/luxfi/zmq/v4/router.go:238.3,238.23 1 1
github.com/luxfi/zmq/v4/router.go:238.23,240.4 1 1
github.com/luxfi/zmq/v4/router.go:242.2,244.12 3 1
github.com/luxfi/zmq/v4/security.go:54.41,56.2 1 1
github.com/luxfi/zmq/v4/security.go:65.62,67.16 2 1
github.com/luxfi/zmq/v4/security.go:67.16,69.3 1 0
github.com/luxfi/zmq/v4/security.go:71.2,72.16 2 1
github.com/luxfi/zmq/v4/security.go:72.16,74.3 1 0
github.com/luxfi/zmq/v4/security.go:76.2,77.16 2 1
github.com/luxfi/zmq/v4/security.go:77.16,79.3 1 0
github.com/luxfi/zmq/v4/security.go:81.2,81.26 1 1
github.com/luxfi/zmq/v4/security.go:81.26,83.3 1 0
github.com/luxfi/zmq/v4/security.go:85.2,86.16 2 1
github.com/luxfi/zmq/v4/security.go:86.16,88.3 1 0
github.com/luxfi/zmq/v4/security.go:90.2,90.12 1 1
github.com/luxfi/zmq/v4/security.go:94.68,96.2 1 1
github.com/luxfi/zmq/v4/security.go:99.68,101.2 1 1
github.com/luxfi/zmq/v4/socket.go:64.73,65.16 1 1
github.com/luxfi/zmq/v4/socket.go:65.16,67.3 1 0
github.com/luxfi/zmq/v4/socket.go:68.2,83.3 2 1
github.com/luxfi/zmq/v4/socket.go:86.82,88.27 2 1
github.com/luxfi/zmq/v4/socket.go:88.27,90.3 1 1
github.com/luxfi/zmq/v4/socket.go:91.2,91.22 1 1
github.com/luxfi/zmq/v4/socket.go:91.22,93.3 1 1
github.com/luxfi/zmq/v4/socket.go:94.2,94.20 1 1
github.com/luxfi/zmq/v4/socket.go:94.20,96.3 1 1
github.com/luxfi/zmq/v4/socket.go:98.2,98.12 1 1
github.com/luxfi/zmq/v4/socket.go:101.38,107.32 3 1
github.com/luxfi/zmq/v4/socket.go:107.32,109.33 2 1
github.com/luxfi/zmq/v4/socket.go:109.33,110.34 1 1
github.com/luxfi/zmq/v4/socket.go:110.34,111.13 1 0
github.com/luxfi/zmq/v4/socket.go:113.4,114.34 2 1
github.com/luxfi/zmq/v4/socket.go:116.3,116.19 1 1
github.com/luxfi/zmq/v4/socket.go:118.2,120.15 3 1
github.com/luxfi/zmq/v4/socket.go:124.34,132.25 5 1
github.com/luxfi/zmq/v4/socket.go:132.25,134.3 1 1
github.com/luxfi/zmq/v4/socket.go:136.2,140.33 4 1
github.com/luxfi/zmq/v4/socket.go:140.33,142.29 2 1
github.com/luxfi/zmq/v4/socket.go:142.29,144.4 1 1
github.com/luxfi/zmq/v4/socket.go:148.2,148.64 1 1
github.com/luxfi/zmq/v4/socket.go:148.64,150.3 1 1
github.com/luxfi/zmq/v4/socket.go:152.2,152.12 1 1
github.com/luxfi/zmq/v4/socket.go:157.40,161.2 3 1
github.com/luxfi/zmq/v4/socket.go:166.45,171.2 4 1
github.com/luxfi/zmq/v4/socket.go:174.40,180.2 5 1
github.com/luxfi/zmq/v4/socket.go:183.50,186.16 3 1
github.com/luxfi/zmq/v4/socket.go:186.16,188.3 1 0
github.com/luxfi/zmq/v4/socket.go:190.2,191.9 2 1
github.com/luxfi/zmq/v4/socket.go:191.9,193.3 1 0
github.com/luxfi/zmq/v4/socket.go:195.2,196.16 2 1
github.com/luxfi/zmq/v4/socket.go:196.16,198.3 1 0
github.com/luxfi/zmq/v4/socket.go:199.2,202.24 3 1
github.com/luxfi/zmq/v4/socket.go:202.24,206.3 3 1
github.com/luxfi/zmq/v4/socket.go:208.2,208.12 1 1
github.com/luxfi/zmq/v4/socket.go:211.29,214.6 3 1
github.com/luxfi/zmq/v4/socket.go:214.6,215.10 1 1
github.com/luxfi/zmq/v4/socket.go:216.21,217.10 1 1
github.com/luxfi/zmq/v4/socket.go:218.11,220.18 2 1
github.com/luxfi/zmq/v4/socket.go:220.18,223.13 1 1
github.com/luxfi/zmq/v4/socket.go:226.4,227.18 2 1
github.com/luxfi/zmq/v4/socket.go:227.18,230.13 2 1
github.com/luxfi/zmq/v4/socket.go:233.4,233.22 1 1
github.com/luxfi/zmq/v4/socket.go:239.48,243.16 3 1
github.com/luxfi/zmq/v4/socket.go:243.16,245.3 1 1
github.com/luxfi/zmq/v4/socket.go:247.2,252.9 2 1
github.com/luxfi/zmq/v4/socket.go:252.9,254.3 1 0
github.com/luxfi/zmq/v4/socket.go:257.2,258.16 2 1
github.com/luxfi/zmq/v4/socket.go:258.16,260.81 1 1
github.com/luxfi/zmq/v4/socket.go:260.81,263.16 3 1
github.com/luxfi/zmq/v4/socket.go:265.3,265.91 1 1
github.com/luxfi/zmq/v4/socket.go:268.2,268.17 1 1
github.com/luxfi/zmq/v4/socket.go:268.17,270.3 1 0
github.com/luxfi/zmq/v4/socket.go:272.2,273.16 2 1
github.com/luxfi/zmq/v4/socket.go:273.16,275.3 1 1
github.com/luxfi/zmq/v4/socket.go:276.2,276.18 1 1
github.com/luxfi/zmq/v4/socket.go:276.18,278.3 1 0
github.com/luxfi/zmq/v4/socket.go:280.2,280.24 1 1
github.com/luxfi/zmq/v4/socket.go:280.24,284.3 3 1
github.com/luxfi/zmq/v4/socket.go:285.2,286.12 2 1
github.com/luxfi/zmq/v4/socket.go:289.37,293.38 4 1
github.com/luxfi/zmq/v4/socket.go:293.38,294.16 1 0
github.com/luxfi/zmq/v4/socket.go:295.15,298.38 1 0
github.com/luxfi/zmq/v4/socket.go:301.2,301.18 1 1
github.com/luxfi/zmq/v4/socket.go:301.18,303.3 1 1
github.com/luxfi/zmq/v4/socket.go:304.2,304.18 1 1
github.com/luxfi/zmq/v4/socket.go:304.18,306.3 1 1
github.com/luxfi/zmq/v4/socket.go:308.2,308.26 1 1
github.com/luxfi/zmq/v4/socket.go:308.26,309.41 1 1
github.com/luxfi/zmq/v4/socket.go:309.41,311.4 1 1
github.com/luxfi/zmq/v4/socket.go:315.36,320.27 4 1
github.com/luxfi/zmq/v4/socket.go:320.27,321.24 1 1
github.com/luxfi/zmq/v4/socket.go:321.24,323.9 2 1
github.com/luxfi/zmq/v4/socket.go:327.2,327.15 1 1
github.com/luxfi/zmq/v4/socket.go:327.15,329.3 1 0
github.com/luxfi/zmq/v4/socket.go:331.2,332.18 2 1
github.com/luxfi/zmq/v4/socket.go:332.18,334.3 1 1
github.com/luxfi/zmq/v4/socket.go:335.2,335.18 1 1
github.com/luxfi/zmq/v4/socket.go:335.18,337.3 1 1
github.com/luxfi/zmq/v4/socket.go:340.44,346.23 5 1
github.com/luxfi/zmq/v4/socket.go:346.23,348.3 1 1
github.com/luxfi/zmq/v4/socket.go:352.38,354.2 1 1
github.com/luxfi/zmq/v4/socket.go:358.36,359.25 1 1
github.com/luxfi/zmq/v4/socket.go:359.25,361.3 1 1
github.com/luxfi/zmq/v4/socket.go:362.2,362.28 1 1
github.com/luxfi/zmq/v4/socket.go:366.64,368.9 2 1
github.com/luxfi/zmq/v4/socket.go:368.9,370.3 1 0
github.com/luxfi/zmq/v4/socket.go:371.2,371.15 1 1
github.com/luxfi/zmq/v4/socket.go:375.68,379.2 2 1
github.com/luxfi/zmq/v4/socket.go:381.44,383.2 1 1
github.com/luxfi/zmq/v4/socket.go:385.33,393.6 2 1
github.com/luxfi/zmq/v4/socket.go:393.6,394.57 1 1
github.com/luxfi/zmq/v4/socket.go:394.57,396.4 1 1
github.com/luxfi/zmq/v4/socket.go:398.3,398.27 1 1
github.com/luxfi/zmq/v4/socket.go:398.27,400.4 1 1
github.com/luxfi/zmq/v4/socket.go:405.3,408.24 4 1
github.com/luxfi/zmq/v4/socket.go:408.24,410.4 1 1
github.com/luxfi/zmq/v4/socket.go:411.3,411.26 1 1
github.com/luxfi/zmq/v4/socket_types.go:28.58,29.13 1 1
github.com/luxfi/zmq/v4/socket_types.go:30.12,31.19 1 1
github.com/luxfi/zmq/v4/socket_types.go:31.19,33.4 1 1
github.com/luxfi/zmq/v4/socket_types.go:34.11,35.15 1 1
github.com/luxfi/zmq/v4/socket_types.go:36.18,37.15 1 1
github.com/luxfi/zmq/v4/socket_types.go:39.11,40.15 1 1
github.com/luxfi/zmq/v4/socket_types.go:41.18,42.15 1 1
github.com/luxfi/zmq/v4/socket_types.go:44.11,45.15 1 1
github.com/luxfi/zmq/v4/socket_types.go:46.20,47.15 1 1
github.com/luxfi/zmq/v4/socket_types.go:49.11,50.15 1 1
github.com/luxfi/zmq/v4/socket_types.go:51.20,52.15 1 1
github.com/luxfi/zmq/v4/socket_types.go:54.14,55.15 1 1
github.com/luxfi/zmq/v4/socket_types.go:56.28,57.15 1 1
github.com/luxfi/zmq/v4/socket_types.go:59.14,60.15 1 1
github.com/luxfi/zmq/v4/socket_types.go:61.28,62.15 1 1
github.com/luxfi/zmq/v4/socket_types.go:64.12,65.15 1 1
github.com/luxfi/zmq/v4/socket_types.go:66.13,67.15 1 1
github.com/luxfi/zmq/v4/socket_types.go:69.12,70.15 1 1
github.com/luxfi/zmq/v4/socket_types.go:71.13,72.15 1 1
github.com/luxfi/zmq/v4/socket_types.go:74.12,75.15 1 1
github.com/luxfi/zmq/v4/socket_types.go:76.18,77.15 1 1
github.com/luxfi/zmq/v4/socket_types.go:79.12,80.15 1 1
github.com/luxfi/zmq/v4/socket_types.go:81.18,82.15 1 1
github.com/luxfi/zmq/v4/socket_types.go:84.14,86.21 1 1
github.com/luxfi/zmq/v4/socket_types.go:86.21,88.4 1 1
github.com/luxfi/zmq/v4/socket_types.go:89.10,90.56 1 0
github.com/luxfi/zmq/v4/socket_types.go:93.2,93.14 1 1
github.com/luxfi/zmq/v4/socket_types.go:102.42,104.13 2 1
github.com/luxfi/zmq/v4/socket_types.go:104.13,106.3 1 0
github.com/luxfi/zmq/v4/socket_types.go:107.2,107.23 1 1
github.com/luxfi/zmq/v4/stream.go:16.60,19.2 2 1
github.com/luxfi/zmq/v4/stream.go:27.43,29.2 1 1
github.com/luxfi/zmq/v4/stream.go:33.49,35.2 1 0
github.com/luxfi/zmq/v4/stream.go:40.54,42.2 1 0
github.com/luxfi/zmq/v4/stream.go:45.49,47.2 1 0
github.com/luxfi/zmq/v4/stream.go:50.53,52.2 1 0
github.com/luxfi/zmq/v4/stream.go:55.51,57.2 1 0
github.com/luxfi/zmq/v4/stream.go:60.47,62.2 1 1
github.com/luxfi/zmq/v4/stream.go:66.45,68.2 1 0
github.com/luxfi/zmq/v4/stream.go:71.73,73.2 1 0
github.com/luxfi/zmq/v4/stream.go:76.77,78.2 1 0
github.com/luxfi/zmq/v4/sub.go:16.57,22.2 5 1
github.com/luxfi/zmq/v4/sub.go:33.37,35.2 1 1
github.com/luxfi/zmq/v4/sub.go:39.43,41.2 1 1
github.com/luxfi/zmq/v4/sub.go:46.48,48.2 1 0
github.com/luxfi/zmq/v4/sub.go:51.43,53.2 1 1
github.com/luxfi/zmq/v4/sub.go:56.47,58.2 1 1
github.com/luxfi/zmq/v4/sub.go:61.45,63.16 2 1
github.com/luxfi/zmq/v4/sub.go:63.16,65.3 1 1
github.com/luxfi/zmq/v4/sub.go:66.2,66.12 1 1
github.com/luxfi/zmq/v4/sub.go:70.41,72.2 1 1
github.com/luxfi/zmq/v4/sub.go:76.39,78.2 1 1
github.com/luxfi/zmq/v4/sub.go:81.67,83.2 1 1
github.com/luxfi/zmq/v4/sub.go:86.71,88.16 2 1
github.com/luxfi/zmq/v4/sub.go:88.16,90.3 1 0
github.com/luxfi/zmq/v4/sub.go:92.2,96.14 2 1
github.com/luxfi/zmq/v4/sub.go:97.23,100.34 3 1
github.com/luxfi/zmq/v4/sub.go:102.25,105.22 3 0
github.com/luxfi/zmq/v4/sub.go:107.10,108.24 1 1
github.com/luxfi/zmq/v4/sub.go:111.2,112.28 2 1
github.com/luxfi/zmq/v4/sub.go:112.28,114.3 1 1
github.com/luxfi/zmq/v4/sub.go:115.2,116.12 2 1
github.com/luxfi/zmq/v4/sub.go:120.41,123.32 3 1
github.com/luxfi/zmq/v4/sub.go:123.32,125.3 1 1
github.com/luxfi/zmq/v4/sub.go:126.2,128.15 3 1
github.com/luxfi/zmq/v4/sub.go:131.54,133.11 2 1
github.com/luxfi/zmq/v4/sub.go:134.9,135.28 1 0
github.com/luxfi/zmq/v4/sub.go:136.9,137.33 1 1
github.com/luxfi/zmq/v4/sub.go:139.2,139.17 1 1
github.com/luxfi/zmq/v4/transport.go:22.49,24.2 1 0
github.com/luxfi/zmq/v4/transport.go:29.28,31.2 1 1
github.com/luxfi/zmq/v4/transport.go:34.70,36.2 1 1
github.com/luxfi/zmq/v4/transport.go:43.68,49.2 4 1
github.com/luxfi/zmq/v4/transport.go:51.73,55.34 3 1
github.com/luxfi/zmq/v4/transport.go:55.34,57.3 1 1
github.com/luxfi/zmq/v4/transport.go:59.2,60.12 2 1
github.com/luxfi/zmq/v4/transport.go:63.40,68.23 4 1
github.com/luxfi/zmq/v4/transport.go:68.23,70.3 1 1
github.com/luxfi/zmq/v4/transport.go:71.2,72.10 2 1
github.com/luxfi/zmq/v4/transport.go:79.13,80.26 1 1
github.com/luxfi/zmq/v4/transport.go:80.26,81.17 1 1
github.com/luxfi/zmq/v4/transport.go:81.17,82.33 1 0
github.com/luxfi/zmq/v4/transport.go:86.2,89.55 4 1
github.com/luxfi/zmq/v4/utils.go:16.60,18.18 2 1
github.com/luxfi/zmq/v4/utils.go:18.18,21.3 2 0
github.com/luxfi/zmq/v4/utils.go:22.2,25.9 3 1
github.com/luxfi/zmq/v4/utils.go:25.9,28.3 2 1
github.com/luxfi/zmq/v4/utils.go:30.2,31.27 2 1
github.com/luxfi/zmq/v4/utils.go:34.23,36.61 2 1
github.com/luxfi/zmq/v4/utils.go:36.61,38.3 1 0
github.com/luxfi/zmq/v4/utils.go:39.2,41.93 3 1
github.com/luxfi/zmq/v4/xpub.go:14.58,19.2 4 1
github.com/luxfi/zmq/v4/xpub.go:27.39,29.2 1 1
github.com/luxfi/zmq/v4/xpub.go:33.45,35.2 1 1
github.com/luxfi/zmq/v4/xpub.go:40.50,42.2 1 0
github.com/luxfi/zmq/v4/xpub.go:45.45,47.2 1 0
github.com/luxfi/zmq/v4/xpub.go:50.49,52.2 1 1
github.com/luxfi/zmq/v4/xpub.go:55.47,57.2 1 1
github.com/luxfi/zmq/v4/xpub.go:60.43,62.2 1 1
github.com/luxfi/zmq/v4/xpub.go:66.41,68.2 1 1
github.com/luxfi/zmq/v4/xpub.go:71.69,73.2 1 0
github.com/luxfi/zmq/v4/xpub.go:76.73,78.2 1 0
github.com/luxfi/zmq/v4/xpub.go:80.43,82.2 1 1
github.com/luxfi/zmq/v4/xsub.go:14.58,17.2 2 1
github.com/luxfi/zmq/v4/xsub.go:25.39,27.2 1 1
github.com/luxfi/zmq/v4/xsub.go:31.45,33.2 1 0
github.com/luxfi/zmq/v4/xsub.go:38.50,40.2 1 0
github.com/luxfi/zmq/v4/xsub.go:43.45,45.2 1 0
github.com/luxfi/zmq/v4/xsub.go:48.49,50.2 1 1
github.com/luxfi/zmq/v4/xsub.go:53.47,55.2 1 1
github.com/luxfi/zmq/v4/xsub.go:58.43,60.2 1 1
github.com/luxfi/zmq/v4/xsub.go:64.41,66.2 1 0
github.com/luxfi/zmq/v4/xsub.go:69.69,71.2 1 0
github.com/luxfi/zmq/v4/xsub.go:74.73,76.2 1 0
